
WARNING  [INIT] : switch objects may not behave properly under FBS!
Processing 2013-08-28 02:20:00 PST...                                      Processing 2013-08-28 06:04:00 PST...                                      Processing 2013-08-28 09:34:00 PST...                                      Processing 2013-08-28 12:44:00 PST...WARNING  [2013-08-28 14:06:00 PST] : last warning message was repeated 15 times
WARNING  [2013-08-28 14:06:00 PST] : Regulator reg1606701 has phase A at the maximum tap value
                                      Processing 2013-08-28 15:34:00 PST...                                      Processing 2013-08-28 18:22:00 PST...                                      Processing 2013-08-28 21:38:00 PST...
FATAL    [2013-08-28 23:00:00 PST] : Invalid time of day provided in datetime

FATAL    [2013-08-29 00:00:00 PST] : last fatal error message was repeated 2 times


Core profiler results
======================

Total objects                806 objects
Parallelism                    1 thread
Total time                   8.0 seconds
  Core time                  1.2 seconds (15.5%)
    Compiler                 1.5 seconds (18.3%)
    Instances                0.0 seconds (0.0%)
    Random variables         0.0 seconds (0.0%)
    Schedules                0.0 seconds (0.0%)
    Loadshapes               0.0 seconds (0.0%)
    Enduses                  0.0 seconds (0.0%)
    Transforms               0.0 seconds (0.1%)
  Model time                 6.8 seconds/thread (84.5%)
Simulation time                1 days
Simulation speed             2.4k object.hours/second
Passes completed            2429 passes
Time steps completed         722 timesteps
Convergence efficiency      3.36 passes/timestep
Read lock contention        0.0%
Write lock contention       0.0%
Average timestep            120 seconds/timestep
Simulation rate           10800 x realtime


Model profiler results
======================

Class            Time (s) Time (%) msec/obj
---------------- -------- -------- --------
triplex_node       1.170     17.3%      7.4
load               1.014     15.0%     11.1
overhead_line      0.944     14.0%      8.4
triplex_load       0.764     11.3%      9.7
transformer        0.696     10.3%      8.6
triplex_line       0.657      9.7%      8.3
triplex_meter      0.641      9.5%      8.1
node               0.389      5.7%      8.1
switch             0.143      2.1%      8.9
helics_msg         0.129      1.9%    129.1
climate            0.053      0.8%     53.1
regulator          0.045      0.7%     11.2
underground_line   0.042      0.6%      8.3
capacitor          0.035      0.5%      8.8
meter              0.019      0.3%      9.7
player             0.012      0.2%      3.0
voltdump           0.003      0.1%      3.4
recorder           0.003      0.0%      2.7
overhead_line_co   0.000      0.0%      0.0
transformer_conf   0.000      0.0%      0.0
triplex_line_con   0.000      0.0%      0.0
underground_line   0.000      0.0%      0.0
line_configurati   0.000      0.0%      0.0
regulator_config   0.000      0.0%      0.0
================ ======== ======== ========
Total              6.760    100.0%      8.4

WARNING  [2013-08-29 00:00:00 PST] : last warning message was repeated 347 times
