
WARNING  [INIT] : switch objects may not behave properly under FBS!
Processing 2013-08-28 05:20:00 PST...                                      Processing 2013-08-28 12:08:00 PST...WARNING  [2013-08-28 14:06:00 PST] : last warning message was repeated 15 times
WARNING  [2013-08-28 14:06:00 PST] : Regulator reg1606701 has phase A at the maximum tap value
                                      Processing 2013-08-28 17:50:00 PST...
FATAL    [2013-08-28 23:00:00 PST] : Invalid time of day provided in datetime

FATAL    [2013-08-29 00:00:00 PST] : last fatal error message was repeated 2 times


Core profiler results
======================

Total objects                806 objects
Parallelism                    1 thread
Total time                   4.0 seconds
  Core time                  0.7 seconds (18.3%)
    Compiler                 1.8 seconds (45.4%)
    Instances                0.0 seconds (0.0%)
    Random variables         0.0 seconds (0.0%)
    Schedules                0.0 seconds (0.0%)
    Loadshapes               0.0 seconds (0.0%)
    Enduses                  0.0 seconds (0.0%)
    Transforms               0.0 seconds (0.1%)
  Model time                 3.3 seconds/thread (81.7%)
Simulation time                1 days
Simulation speed             4.8k object.hours/second
Passes completed            2429 passes
Time steps completed         722 timesteps
Convergence efficiency      3.36 passes/timestep
Read lock contention        0.0%
Write lock contention       0.0%
Average timestep            120 seconds/timestep
Simulation rate           21600 x realtime


Model profiler results
======================

Class            Time (s) Time (%) msec/obj
---------------- -------- -------- --------
triplex_node       0.511     15.6%      3.2
load               0.492     15.1%      5.4
overhead_line      0.469     14.3%      4.1
triplex_load       0.367     11.2%      4.6
transformer        0.336     10.3%      4.1
triplex_line       0.319      9.8%      4.0
triplex_meter      0.290      8.9%      3.7
node               0.174      5.3%      3.6
helics_msg         0.111      3.4%    111.4
switch             0.074      2.3%      4.6
climate            0.046      1.4%     46.0
regulator          0.025      0.8%      6.2
underground_line   0.021      0.6%      4.2
capacitor          0.017      0.5%      4.2
meter              0.009      0.3%      4.5
player             0.005      0.2%      1.3
voltdump           0.002      0.1%      2.1
recorder           0.001      0.0%      1.3
transformer_conf   0.000      0.0%      0.0
overhead_line_co   0.000      0.0%      0.0
line_configurati   0.000      0.0%      0.0
regulator_config   0.000      0.0%      0.0
triplex_line_con   0.000      0.0%      0.0
================ ======== ======== ========
Total              3.269    100.0%      4.1

WARNING  [2013-08-29 00:00:00 PST] : last warning message was repeated 347 times
